Vivado Simulator v2022.2
Copyright 1986-1999, 2001-2022 Xilinx, Inc. All Rights Reserved.
Running: /tools/Xilinx/Vivado/2022.2/bin/unwrapped/lnx64.o/xelab --incr --debug typical --relax --mt 8 --maxdelay -L xil_defaultlib -L xilinx_vip -L simprims_ver -L secureip --snapshot design_1_wrapper_time_impl -transport_int_delays -pulse_r 0 -pulse_int_r 0 -pulse_e 0 -pulse_int_e 0 xil_defaultlib.design_1_wrapper xil_defaultlib.glbl -log elaborate.log 
Using 8 slave threads.
Starting static elaboration
Pass Through NonSizing Optimizer
Completed static elaboration
Starting simulation data flow analysis
Completed simulation data flow analysis
INFO: [XSIM 43-3451] SDF backannotation process started with SDF file "design_1_wrapper_time_impl.sdf", for root module "design_1_wrapper".
INFO: [XSIM 43-3452] SDF backannotation was successful for SDF file "design_1_wrapper_time_impl.sdf", for root module "design_1_wrapper".
Time Resolution for simulation is 1ps
Compiling module simprims_ver.PULLUP
Compiling module simprims_ver.BUFG
Compiling module simprims_ver.x_lut1_mux2
Compiling module simprims_ver.LUT1(INIT=2'b01)
Compiling module simprims_ver.CARRY4
Compiling module simprims_ver.x_lut2_mux4
Compiling module simprims_ver.LUT2
Compiling module simprims_ver.latchsre_ldce
Compiling module simprims_ver.LDCE
Compiling module simprims_ver.MUXF8
Compiling module simprims_ver.MUXF7
Compiling module simprims_ver.LUT6
Compiling module simprims_ver.LUT4
Compiling module simprims_ver.LUT5
Compiling module xil_defaultlib.design_1_imginfile_0_0_imginfile
Compiling module xil_defaultlib.design_1_imginfile_0_0
Compiling module simprims_ver.BIBUF
Compiling module simprims_ver.PS7
Compiling module xil_defaultlib.design_1_processing_system7_0_0_...
Compiling module xil_defaultlib.design_1_processing_system7_0_0
Compiling module xil_defaultlib.design_1_xlconcat_0_0
Compiling module xil_defaultlib.design_1
Compiling module xil_defaultlib.design_1_wrapper
Compiling module xil_defaultlib.glbl
Built simulation snapshot design_1_wrapper_time_impl
